<?xml version="1.0" encoding="UTF-8"?>
<!-- Generated by org.testng.reporters.JUnitReportReporter -->
<testsuite skipped="0" hostname="nbhushan-macOS-2" name="com.crm.qa.testcases.LoginPageTest" tests="2" failures="0" timestamp="30 Apr 2019 05:36:41 GMT" time="12.467" errors="0">
  <testcase name="loginPageTitleTest" time="3.332" classname="com.crm.qa.testcases.LoginPageTest"/>
  <testcase name="loginTest" time="9.135" classname="com.crm.qa.testcases.LoginPageTest"/>
</testsuite> <!-- com.crm.qa.testcases.LoginPageTest -->
